<?xml version="1.0" encoding="UTF-8"?>
<!-- Generated by org.testng.reporters.JUnitXMLReporter -->
<testsuite ignored="1" hostname="DESKTOP-NRJLUV5" failures="0" tests="2" name="Car Loan" time="0.008" errors="0" timestamp="10 Jul 2019 17:47:55 GMT">
  <testcase classname="Test.Carloan" name="APICarLogin" time="0.002"/>
  <testcase classname="Test.Carloan" name="webCarLogin" time="0.001"/>
  <testcase classname="Test.Carloan" name="MobileCarLogin" time="0.0">
    <ignored/>
  </testcase> <!-- MobileCarLogin -->
</testsuite> <!-- Car Loan -->
