<?xml version="1.0" encoding="UTF-8"?>
<!-- Generated by org.testng.reporters.JUnitXMLReporter -->
<testsuite ignored="1" hostname="DESKTOP-NRJLUV5" failures="0" tests="3" name="Personal Loan" time="0.025" errors="0" timestamp="10 Jul 2019 17:47:55 GMT">
  <testcase classname="Test.Basic" name="Demo" time="0.004"/>
  <testcase classname="Test.Day2" name="Learn" time="0.001"/>
  <testcase classname="Test.Intro" name="Testngex" time="0.001"/>
  <testcase classname="Test.Basic" name="seleniumaatext" time="0.0">
    <ignored/>
  </testcase> <!-- seleniumaatext -->
</testsuite> <!-- Personal Loan -->
