<?xml version="1.0" encoding="UTF-8"?>
<!-- Generated by org.testng.reporters.JUnitXMLReporter -->
<testsuite hostname="DESKTOP-NRJLUV5" failures="10" tests="10" name="Test2" time="0.041" errors="0" timestamp="31 Jul 2019 19:10:34 GMT">
  <testcase classname="Exdp.second" name="seconddropdown1" time="0.003">
    <failure type="java.lang.NullPointerException">
      <![CDATA[java.lang.NullPointerException
	at Exdp.dropdown.clickdrop(dropdown.java:20)
	at Exdp.second.seconddropdown1(second.java:28)
... Removed 24 stack frames]]>
    </failure>
  </testcase> <!-- seconddropdown1 -->
  <testcase classname="Exdp.second" name="secondTextinput" time="0.001">
    <failure type="java.lang.NullPointerException">
      <![CDATA[java.lang.NullPointerException
	at PageObject.Text1.getText(Text1.java:21)
	at Exdp.second.secondTextinput(second.java:37)
... Removed 24 stack frames]]>
    </failure>
  </testcase> <!-- secondTextinput -->
  <testcase classname="Exdp.second" name="seconddydropdown" time="0.003">
    <failure type="java.lang.NullPointerException">
      <![CDATA[java.lang.NullPointerException
	at Exdp.dropdown.clickdrop(dropdown.java:20)
	at Exdp.second.seconddydropdown(second.java:46)
... Removed 24 stack frames]]>
    </failure>
  </testcase> <!-- seconddydropdown -->
  <testcase classname="Exdp.second" name="seconddynadropdowm" time="0.004">
    <failure type="java.lang.NullPointerException">
      <![CDATA[java.lang.NullPointerException
	at Exdp.dropdown.clickdrop(dropdown.java:20)
	at Exdp.second.seconddynadropdowm(second.java:56)
... Removed 24 stack frames]]>
    </failure>
  </testcase> <!-- seconddynadropdowm -->
  <testcase classname="Exdp.second" name="secondCheckpriceField" time="0.0">
    <failure type="java.lang.NullPointerException">
      <![CDATA[java.lang.NullPointerException
	at Exdp.second.secondCheckpriceField(second.java:65)
... Removed 24 stack frames]]>
    </failure>
  </testcase> <!-- secondCheckpriceField -->
  <testcase classname="Exdp.second" name="secondcheckstopprice" time="0.006">
    <failure type="java.lang.NullPointerException">
      <![CDATA[java.lang.NullPointerException
	at Exdp.second.secondcheckstopprice(second.java:75)
... Removed 24 stack frames]]>
    </failure>
  </testcase> <!-- secondcheckstopprice -->
  <testcase classname="Exdp.second" name="secondcheckqant" time="0.002">
    <failure type="java.lang.NullPointerException">
      <![CDATA[java.lang.NullPointerException
	at Exdp.second.secondcheckqant(second.java:86)
... Removed 24 stack frames]]>
    </failure>
  </testcase> <!-- secondcheckqant -->
  <testcase classname="Exdp.second" name="secondcomm" time="0.003">
    <failure type="java.lang.NullPointerException">
      <![CDATA[java.lang.NullPointerException
	at PageObject.comments.commt(comments.java:16)
	at Exdp.second.secondcomm(second.java:98)
... Removed 24 stack frames]]>
    </failure>
  </testcase> <!-- secondcomm -->
  <testcase classname="Exdp.second" name="secondbutton" time="0.0">
    <failure type="java.lang.NullPointerException">
      <![CDATA[java.lang.NullPointerException
	at Exdp.second.secondbutton(second.java:104)
... Removed 24 stack frames]]>
    </failure>
  </testcase> <!-- secondbutton -->
  <testcase classname="Exdp.second" name="tabledata" time="0.002">
    <failure type="java.lang.NullPointerException">
      <![CDATA[java.lang.NullPointerException
	at Exdp.second.tabledata(second.java:135)
... Removed 24 stack frames]]>
    </failure>
  </testcase> <!-- tabledata -->
</testsuite> <!-- Test2 -->
