<?xml version="1.0" encoding="UTF-8"?>
<!-- Generated by org.testng.reporters.JUnitXMLReporter -->
<testsuite ignored="0" hostname="DESKTOP-NRJLUV5" failures="0" tests="12" name="Test" time="103.746" errors="0" timestamp="29 Nov 2019 16:25:57 GMT">
  <testcase classname="com.qa.testcases.NewTest" name="f" time="0.009"/>
  <testcase classname="com.qa.testcases.ContactsPageTest" name="ClickOnContactNewBtnTest" time="0.15"/>
  <testcase classname="com.qa.testcases.ContactsPageTest" name="ValidateNewContactTest" time="0.0">
    <skipped/>
  </testcase> <!-- ValidateNewContactTest -->
  <testcase classname="com.qa.testcases.ContactsPageTest" name="VerifyContactsPageLableTest" time="0.041"/>
  <testcase classname="com.qa.testcases.LoginPageTest" name="CheckTitleOfLoginPageTest" time="0.008"/>
  <testcase classname="com.qa.testcases.LoginPageTest" name="ClickOnLoginBtnTest" time="0.292"/>
  <testcase classname="com.qa.testcases.MainPageTest" name="CheckTitleOfMainPageTest" time="0.017"/>
  <testcase classname="com.qa.testcases.MainPageTest" name="VerifyLoginButtonTest" time="1.928"/>
  <testcase classname="com.qa.testcases.HomePageTest" name="CheckSearchFieldTest" time="0.842"/>
  <testcase classname="com.qa.testcases.HomePageTest" name="CheckUsernameLableTest" time="0.567"/>
  <testcase classname="com.qa.testcases.HomePageTest" name="ClickOnContactsTest" time="1.206"/>
  <testcase classname="com.qa.testcases.HomePageTest" name="ClickOnDeatsTest" time="0.998"/>
</testsuite> <!-- Test -->
