<?xml version="1.0" encoding="UTF-8"?>
<!-- Generated by org.testng.reporters.JUnitXMLReporter -->
<testsuite ignored="0" hostname="DESKTOP-NRJLUV5" failures="0" tests="7" name="My FreeCRM Test firefox" time="185.282" errors="0" timestamp="03 Dec 2019 18:35:56 GMT">
  <testcase classname="com.qa.tests.ContactsPageTest" name="ClickOnNewButtonTest" time="9.077"/>
  <testcase classname="com.qa.tests.ContactsPageTest" name="EnterContactDetailsTest" time="8.918"/>
  <testcase classname="com.qa.tests.ContactsPageTest" name="ValidateContactPageHeaderTest" time="7.895"/>
  <testcase classname="com.qa.tests.LoginPageTest" name="verifyLoginPageTitleTest" time="0.012"/>
  <testcase classname="com.qa.tests.HomePageTest" name="verifyHomePageTitleTest" time="0.417"/>
  <testcase classname="com.qa.tests.LoginPageTest" name="validateLoginPageTest" time="0.437"/>
  <testcase classname="com.qa.tests.HomePageTest" name="clickOnContactButtonTest" time="1.834"/>
</testsuite> <!-- My FreeCRM Test firefox -->
