<?xml version="1.0" encoding="UTF-8"?>
<!-- Generated by org.testng.reporters.JUnitXMLReporter -->
<testsuite ignored="0" hostname="DESKTOP-NRJLUV5" failures="0" tests="7" name="My FreeCRM Test chrome" time="110.466" errors="0" timestamp="03 Dec 2019 18:32:51 GMT">
  <testcase classname="com.qa.tests.ContactsPageTest" name="ClickOnNewButtonTest" time="7.792"/>
  <testcase classname="com.qa.tests.ContactsPageTest" name="EnterContactDetailsTest" time="8.126"/>
  <testcase classname="com.qa.tests.ContactsPageTest" name="ValidateContactPageHeaderTest" time="7.814"/>
  <testcase classname="com.qa.tests.LoginPageTest" name="verifyLoginPageTitleTest" time="0.032"/>
  <testcase classname="com.qa.tests.HomePageTest" name="verifyHomePageTitleTest" time="0.37"/>
  <testcase classname="com.qa.tests.LoginPageTest" name="validateLoginPageTest" time="0.378"/>
  <testcase classname="com.qa.tests.HomePageTest" name="clickOnContactButtonTest" time="1.557"/>
</testsuite> <!-- My FreeCRM Test chrome -->
