<?xml version="1.0" encoding="UTF-8"?>
<!-- Generated by org.testng.reporters.JUnitXMLReporter -->
<testsuite ignored="4" hostname="DESKTOP-NRJLUV5" failures="0" tests="3" name="Regression" time="0.056" errors="0" timestamp="10 Jul 2019 17:57:58 GMT">
  <testcase classname="Test.Basic" name="Demo" time="0.009"/>
  <testcase classname="Test.Basic" name="seleniumaatext" time="0.002"/>
  <testcase classname="Test.Day2" name="Learn" time="0.002"/>
  <testcase classname="Test.Carloan" name="webCarLogin" time="0.0">
    <ignored/>
  </testcase> <!-- webCarLogin -->
  <testcase classname="Test.Carloan" name="APICarLogin" time="0.0">
    <ignored/>
  </testcase> <!-- APICarLogin -->
  <testcase classname="Test.Carloan" name="MobileCarLogin" time="0.0">
    <ignored/>
  </testcase> <!-- MobileCarLogin -->
  <testcase classname="Test.Intro" name="Testngex" time="0.0">
    <ignored/>
  </testcase> <!-- Testngex -->
</testsuite> <!-- Regression -->
